<?xml version="1.0" encoding="UTF-8"?>
<robot generator="Robot 6.1.1 (Python 3.12.1 on darwin)" generated="20231220 16:37:47.178" rpa="false" schemaversion="4">
<suite id="s1" name="Amazon" source="/Users/danychristeh/Documents/Development/Robot-Script/Script-Into-Keywords/tests/amazon.robot">
<test id="s1-t1" name="User must sign in to check out" line="11">
<kw name="Begin Web Testing">
<kw name="Open Browser" library="SeleniumLibrary">
<arg>about:blank</arg>
<arg>chrome</arg>
<doc>Opens a new browser instance to the optional ``url``.</doc>
<msg timestamp="20231220 16:37:47.833" level="INFO">Opening browser 'chrome' to base url 'about:blank'.</msg>
<status status="PASS" starttime="20231220 16:37:47.833" endtime="20231220 16:37:52.056"/>
</kw>
<status status="PASS" starttime="20231220 16:37:47.832" endtime="20231220 16:37:52.057"/>
</kw>
<kw name="Search for Products">
<kw name="Go To" library="SeleniumLibrary">
<arg>https://www.amazon.com</arg>
<doc>Navigates the current browser window to the provided ``url``.</doc>
<msg timestamp="20231220 16:37:52.061" level="INFO">Opening url 'https://www.amazon.com'</msg>
<status status="PASS" starttime="20231220 16:37:52.060" endtime="20231220 16:37:56.929"/>
</kw>
<kw name="Input Text" library="SeleniumLibrary">
<arg>id=twotabsearchtextbox</arg>
<arg>Toys for babies 12-18 months</arg>
<doc>Types the given ``text`` into the text field identified by ``locator``.</doc>
<msg timestamp="20231220 16:37:56.931" level="INFO">Typing text 'Toys for babies 12-18 months' into text field 'id=twotabsearchtextbox'.</msg>
<msg timestamp="20231220 16:37:59.062" level="INFO" html="true">&lt;/td&gt;&lt;/tr&gt;&lt;tr&gt;&lt;td colspan="3"&gt;&lt;a href="selenium-screenshot-4.png"&gt;&lt;img src="selenium-screenshot-4.png" width="800px"&gt;&lt;/a&gt;</msg>
<msg timestamp="20231220 16:37:59.062" level="FAIL">Element with locator 'id=twotabsearchtextbox' not found.</msg>
<status status="FAIL" starttime="20231220 16:37:56.929" endtime="20231220 16:37:59.070"/>
</kw>
<kw name="Click Button" library="SeleniumLibrary">
<arg>xpath=//*[@id="nav-search"]/form/div[2]/div/input</arg>
<doc>Clicks the button identified by ``locator``.</doc>
<status status="NOT RUN" starttime="20231220 16:37:59.071" endtime="20231220 16:37:59.071"/>
</kw>
<status status="FAIL" starttime="20231220 16:37:52.058" endtime="20231220 16:37:59.071"/>
</kw>
<kw name="Select Product from Search Results">
<status status="NOT RUN" starttime="20231220 16:37:59.072" endtime="20231220 16:37:59.072"/>
</kw>
<kw name="Add Product to cart">
<status status="NOT RUN" starttime="20231220 16:37:59.072" endtime="20231220 16:37:59.072"/>
</kw>
<kw name="Begin Checkout">
<status status="NOT RUN" starttime="20231220 16:37:59.073" endtime="20231220 16:37:59.073"/>
</kw>
<kw name="End Web Testing">
<status status="NOT RUN" starttime="20231220 16:37:59.073" endtime="20231220 16:37:59.073"/>
</kw>
<doc>This is some basic info about the test</doc>
<tag>Smoke</tag>
<status status="FAIL" starttime="20231220 16:37:47.831" endtime="20231220 16:37:59.073">Element with locator 'id=twotabsearchtextbox' not found.</status>
</test>
<doc>This is some information about the whole suite</doc>
<status status="FAIL" starttime="20231220 16:37:47.180" endtime="20231220 16:37:59.087"/>
</suite>
<statistics>
<total>
<stat pass="0" fail="1" skip="0">All Tests</stat>
</total>
<tag>
<stat pass="0" fail="1" skip="0">Smoke</stat>
</tag>
<suite>
<stat pass="0" fail="1" skip="0" id="s1" name="Amazon">Amazon</stat>
</suite>
</statistics>
<errors>
</errors>
</robot>
