<?xml version="1.0" encoding="UTF-8"?>
<robot generator="Robot 6.1.1 (Python 3.12.1 on darwin)" generated="20240115 23:53:08.884" rpa="false" schemaversion="4">
<suite id="s1" name="Front Office" source="/Users/danychristeh/Documents/Development/Scripting-Challenge /tests/Front_Office.robot">
<test id="s1-t1" name="Should be able to access &quot;Team&quot; page" line="16">
<kw name="Begin Web Test" library="CommonWeb" type="SETUP">
<kw name="Open Browser" library="SeleniumLibrary">
<arg>about:blank</arg>
<arg>${BROWSER}</arg>
<doc>Opens a new browser instance to the optional ``url``.</doc>
<msg timestamp="20240115 23:53:09.431" level="INFO">Opening browser 'edge' to base url 'about:blank'.</msg>
<status status="PASS" starttime="20240115 23:53:09.430" endtime="20240115 23:53:18.158"/>
</kw>
<kw name="Maximize Browser Window" library="SeleniumLibrary">
<doc>Maximizes current browser window.</doc>
<status status="PASS" starttime="20240115 23:53:18.160" endtime="20240115 23:53:18.489"/>
</kw>
<status status="PASS" starttime="20240115 23:53:09.429" endtime="20240115 23:53:18.490"/>
</kw>
<kw name="Go to Landing Page" library="FrontOfficeApp">
<kw name="Navigate To" library="Landing">
<kw name="Go To" library="SeleniumLibrary">
<arg>${URL}</arg>
<doc>Navigates the current browser window to the provided ``url``.</doc>
<msg timestamp="20240115 23:53:18.494" level="INFO">Opening url 'https://automationplayground.com/front-office'</msg>
<status status="PASS" starttime="20240115 23:53:18.493" endtime="20240115 23:53:20.179"/>
</kw>
<status status="PASS" starttime="20240115 23:53:18.492" endtime="20240115 23:53:20.180"/>
</kw>
<kw name="Verify Page Loaded" library="Landing">
<kw name="Wait Until Page Contains Element" library="SeleniumLibrary">
<arg>${LANDING_NAVIGATION_ELEMENT}</arg>
<doc>Waits until the element ``locator`` appears on the current page.</doc>
<status status="PASS" starttime="20240115 23:53:20.180" endtime="20240115 23:53:20.365"/>
</kw>
<status status="PASS" starttime="20240115 23:53:20.180" endtime="20240115 23:53:20.366"/>
</kw>
<status status="PASS" starttime="20240115 23:53:18.491" endtime="20240115 23:53:20.366"/>
</kw>
<kw name="Go to &quot;Team&quot; Page" library="FrontOfficeApp">
<kw name="Select &quot;Team&quot; Page" library="TopNav">
<kw name="Click Element" library="SeleniumLibrary">
<arg>${TOP_NAV_TEAM_LINK}</arg>
<doc>Click the element identified by ``locator``.</doc>
<msg timestamp="20240115 23:53:20.368" level="INFO">Clicking element 'css=#bs-example-navbar-collapse-1 &gt; ul &gt; li:nth-child(5) &gt; a'.</msg>
<status status="PASS" starttime="20240115 23:53:20.367" endtime="20240115 23:53:20.500"/>
</kw>
<kw name="Sleep" library="BuiltIn">
<arg>3s</arg>
<doc>Pauses the test executed for the given time.</doc>
<msg timestamp="20240115 23:53:23.509" level="INFO">Slept 3 seconds</msg>
<status status="PASS" starttime="20240115 23:53:20.501" endtime="20240115 23:53:23.509"/>
</kw>
<status status="PASS" starttime="20240115 23:53:20.367" endtime="20240115 23:53:23.510"/>
</kw>
<kw name="Verify Page Loaded" library="Team">
<kw name="Wait Until Page Contains Element" library="SeleniumLibrary">
<arg>${TEAM_HEADER_LABEL}</arg>
<doc>Waits until the element ``locator`` appears on the current page.</doc>
<status status="PASS" starttime="20240115 23:53:23.510" endtime="20240115 23:53:23.530"/>
</kw>
<status status="PASS" starttime="20240115 23:53:23.510" endtime="20240115 23:53:23.530"/>
</kw>
<status status="PASS" starttime="20240115 23:53:20.367" endtime="20240115 23:53:23.530"/>
</kw>
<kw name="End Web Test" library="CommonWeb" type="TEARDOWN">
<kw name="Close All Browsers" library="SeleniumLibrary">
<doc>Closes all open browsers and resets the browser cache.</doc>
<status status="PASS" starttime="20240115 23:53:23.531" endtime="20240115 23:53:23.782"/>
</kw>
<status status="PASS" starttime="20240115 23:53:23.531" endtime="20240115 23:53:23.782"/>
</kw>
<doc>This is test 1</doc>
<tag>test1</tag>
<status status="PASS" starttime="20240115 23:53:09.428" endtime="20240115 23:53:23.782"/>
</test>
<test id="s1-t2" name="&quot;Team&quot; page should match requirements" line="22">
<kw name="Begin Web Test" library="CommonWeb" type="SETUP">
<kw name="Open Browser" library="SeleniumLibrary">
<arg>about:blank</arg>
<arg>${BROWSER}</arg>
<doc>Opens a new browser instance to the optional ``url``.</doc>
<msg timestamp="20240115 23:53:23.787" level="INFO">Opening browser 'edge' to base url 'about:blank'.</msg>
<status status="PASS" starttime="20240115 23:53:23.785" endtime="20240115 23:53:26.598"/>
</kw>
<kw name="Maximize Browser Window" library="SeleniumLibrary">
<doc>Maximizes current browser window.</doc>
<status status="PASS" starttime="20240115 23:53:26.599" endtime="20240115 23:53:26.863"/>
</kw>
<status status="PASS" starttime="20240115 23:53:23.784" endtime="20240115 23:53:26.863"/>
</kw>
<kw name="Go to Landing Page" library="FrontOfficeApp">
<kw name="Navigate To" library="Landing">
<kw name="Go To" library="SeleniumLibrary">
<arg>${URL}</arg>
<doc>Navigates the current browser window to the provided ``url``.</doc>
<msg timestamp="20240115 23:53:26.865" level="INFO">Opening url 'https://automationplayground.com/front-office'</msg>
<status status="PASS" starttime="20240115 23:53:26.865" endtime="20240115 23:53:28.353"/>
</kw>
<status status="PASS" starttime="20240115 23:53:26.864" endtime="20240115 23:53:28.354"/>
</kw>
<kw name="Verify Page Loaded" library="Landing">
<kw name="Wait Until Page Contains Element" library="SeleniumLibrary">
<arg>${LANDING_NAVIGATION_ELEMENT}</arg>
<doc>Waits until the element ``locator`` appears on the current page.</doc>
<status status="PASS" starttime="20240115 23:53:28.354" endtime="20240115 23:53:28.393"/>
</kw>
<status status="PASS" starttime="20240115 23:53:28.354" endtime="20240115 23:53:28.394"/>
</kw>
<status status="PASS" starttime="20240115 23:53:26.864" endtime="20240115 23:53:28.394"/>
</kw>
<kw name="Go to &quot;Team&quot; Page" library="FrontOfficeApp">
<kw name="Select &quot;Team&quot; Page" library="TopNav">
<kw name="Click Element" library="SeleniumLibrary">
<arg>${TOP_NAV_TEAM_LINK}</arg>
<doc>Click the element identified by ``locator``.</doc>
<msg timestamp="20240115 23:53:28.397" level="INFO">Clicking element 'css=#bs-example-navbar-collapse-1 &gt; ul &gt; li:nth-child(5) &gt; a'.</msg>
<status status="PASS" starttime="20240115 23:53:28.396" endtime="20240115 23:53:28.611"/>
</kw>
<kw name="Sleep" library="BuiltIn">
<arg>3s</arg>
<doc>Pauses the test executed for the given time.</doc>
<msg timestamp="20240115 23:53:31.613" level="INFO">Slept 3 seconds</msg>
<status status="PASS" starttime="20240115 23:53:28.611" endtime="20240115 23:53:31.614"/>
</kw>
<status status="PASS" starttime="20240115 23:53:28.395" endtime="20240115 23:53:31.614"/>
</kw>
<kw name="Verify Page Loaded" library="Team">
<kw name="Wait Until Page Contains Element" library="SeleniumLibrary">
<arg>${TEAM_HEADER_LABEL}</arg>
<doc>Waits until the element ``locator`` appears on the current page.</doc>
<status status="PASS" starttime="20240115 23:53:31.614" endtime="20240115 23:53:31.654"/>
</kw>
<status status="PASS" starttime="20240115 23:53:31.614" endtime="20240115 23:53:31.654"/>
</kw>
<status status="PASS" starttime="20240115 23:53:28.394" endtime="20240115 23:53:31.654"/>
</kw>
<kw name="Validate &quot;Team&quot; Page" library="FrontOfficeApp">
<kw name="Validate Page Contents" library="Team">
<kw name="Get Text" library="SeleniumLibrary">
<var>${ElementText}</var>
<arg>${TEAM_HEADER_LABEL}</arg>
<doc>Returns the text value of the element identified by ``locator``.</doc>
<msg timestamp="20240115 23:53:31.712" level="INFO">${ElementText} = OUR AMAZING TEAM</msg>
<status status="PASS" starttime="20240115 23:53:31.655" endtime="20240115 23:53:31.712"/>
</kw>
<kw name="Should Be Equal As Strings" library="BuiltIn">
<arg>${ElementText}</arg>
<arg>Our Amazing Team</arg>
<arg>ignore_case=true</arg>
<doc>Fails if objects are unequal after converting them to strings.</doc>
<status status="PASS" starttime="20240115 23:53:31.713" endtime="20240115 23:53:31.714"/>
</kw>
<status status="PASS" starttime="20240115 23:53:31.655" endtime="20240115 23:53:31.714"/>
</kw>
<status status="PASS" starttime="20240115 23:53:31.654" endtime="20240115 23:53:31.714"/>
</kw>
<kw name="End Web Test" library="CommonWeb" type="TEARDOWN">
<kw name="Close All Browsers" library="SeleniumLibrary">
<doc>Closes all open browsers and resets the browser cache.</doc>
<status status="PASS" starttime="20240115 23:53:31.716" endtime="20240115 23:53:31.917"/>
</kw>
<status status="PASS" starttime="20240115 23:53:31.715" endtime="20240115 23:53:31.917"/>
</kw>
<doc>This is test 2</doc>
<tag>test2</tag>
<status status="PASS" starttime="20240115 23:53:23.783" endtime="20240115 23:53:31.917"/>
</test>
<doc>Talk about the project</doc>
<status status="PASS" starttime="20240115 23:53:08.895" endtime="20240115 23:53:31.918"/>
</suite>
<statistics>
<total>
<stat pass="2" fail="0" skip="0">All Tests</stat>
</total>
<tag>
<stat pass="1" fail="0" skip="0">test1</stat>
<stat pass="1" fail="0" skip="0">test2</stat>
</tag>
<suite>
<stat pass="2" fail="0" skip="0" id="s1" name="Front Office">Front Office</stat>
</suite>
</statistics>
<errors>
</errors>
</robot>
