<?xml version="1.0" encoding="UTF-8"?>
<robot generator="Robot 6.1.1 (Python 3.12.1 on darwin)" generated="20240113 13:17:40.725" rpa="false" schemaversion="4">
<suite id="s1" name="List" source="/Users/danychristeh/Documents/Development/Variable - passing to keywords /tests/list.robot">
<test id="s1-t1" name="User can search for products" line="8">
<kw name="Set Variable" library="BuiltIn">
<var>${url_and_browser}</var>
<arg>http://www.google.com</arg>
<arg>firefox</arg>
<doc>Returns the given values which can then be assigned to a variables.</doc>
<msg timestamp="20240113 13:17:40.956" level="INFO">${url_and_browser} = ['http://www.google.com', 'firefox']</msg>
<status status="PASS" starttime="20240113 13:17:40.956" endtime="20240113 13:17:40.956"/>
</kw>
<kw name="Begin Web Test">
<arg>${url_and_browser}</arg>
<kw name="Open Browser" library="SeleniumLibrary">
<arg>${url_and_browser}[0]</arg>
<arg>${url_and_browser}[1]</arg>
<doc>Opens a new browser instance to the optional ``url``.</doc>
<msg timestamp="20240113 13:17:40.958" level="INFO">Opening browser 'firefox' to base url 'http://www.google.com'.</msg>
<msg timestamp="20240113 13:17:42.019" level="WARN">The geckodriver version (0.33.0) detected in PATH at /usr/local/bin/geckodriver might not be compatible with the detected firefox version (121.0.1); currently, geckodriver 0.34.0 is recommended for firefox 121.*, so it is advised to delete the driver in PATH and retry</msg>
<status status="PASS" starttime="20240113 13:17:40.957" endtime="20240113 13:17:48.574"/>
</kw>
<kw name="Sleep" library="BuiltIn">
<arg>2 s</arg>
<doc>Pauses the test executed for the given time.</doc>
<msg timestamp="20240113 13:17:50.582" level="INFO">Slept 2 seconds</msg>
<status status="PASS" starttime="20240113 13:17:48.577" endtime="20240113 13:17:50.582"/>
</kw>
<kw name="Close Browser" library="SeleniumLibrary">
<doc>Closes the current browser.</doc>
<status status="PASS" starttime="20240113 13:17:50.582" endtime="20240113 13:17:51.956"/>
</kw>
<status status="PASS" starttime="20240113 13:17:40.957" endtime="20240113 13:17:51.956"/>
</kw>
<status status="PASS" starttime="20240113 13:17:40.955" endtime="20240113 13:17:51.957"/>
</test>
<status status="PASS" starttime="20240113 13:17:40.729" endtime="20240113 13:17:51.959"/>
</suite>
<statistics>
<total>
<stat pass="1" fail="0" skip="0">All Tests</stat>
</total>
<tag>
</tag>
<suite>
<stat pass="1" fail="0" skip="0" id="s1" name="List">List</stat>
</suite>
</statistics>
<errors>
<msg timestamp="20240113 13:17:42.019" level="WARN">The geckodriver version (0.33.0) detected in PATH at /usr/local/bin/geckodriver might not be compatible with the detected firefox version (121.0.1); currently, geckodriver 0.34.0 is recommended for firefox 121.*, so it is advised to delete the driver in PATH and retry</msg>
</errors>
</robot>
