<?xml version="1.0" encoding="UTF-8"?>
<robot generator="Robot 6.1.1 (Python 3.12.1 on darwin)" generated="20240115 20:45:34.775" rpa="false" schemaversion="4">
<suite id="s1" name="Front Office" source="/Users/danychristeh/Documents/Development/Scripting Challenge/tests/Front_Office.robot">
<test id="s1-t1" name="Should be able to access &quot;Team&quot; page" line="15">
<kw name="Begin Web Test" type="SETUP">
<msg timestamp="20240115 20:45:34.842" level="FAIL">No keyword with name 'Begin Web Test' found.</msg>
<status status="FAIL" starttime="20240115 20:45:34.842" endtime="20240115 20:45:34.842"/>
</kw>
<kw name="End Web Test" type="TEARDOWN">
<msg timestamp="20240115 20:45:34.844" level="FAIL">No keyword with name 'End Web Test' found.</msg>
<status status="FAIL" starttime="20240115 20:45:34.844" endtime="20240115 20:45:34.844">No keyword with name 'End Web Test' found.</status>
</kw>
<doc>This is test 1</doc>
<tag>test1</tag>
<status status="FAIL" starttime="20240115 20:45:34.840" endtime="20240115 20:45:34.844">Setup failed:
No keyword with name 'Begin Web Test' found.

Also teardown failed:
No keyword with name 'End Web Test' found.</status>
</test>
<test id="s1-t2" name="&quot;Team&quot; page should match requirements" line="23">
<doc>This is test 1</doc>
<tag>test2</tag>
<status status="FAIL" starttime="20240115 20:45:34.845" endtime="20240115 20:45:34.845">Test cannot be empty.</status>
</test>
<status status="FAIL" starttime="20240115 20:45:34.784" endtime="20240115 20:45:34.846"/>
</suite>
<statistics>
<total>
<stat pass="0" fail="2" skip="0">All Tests</stat>
</total>
<tag>
<stat pass="0" fail="1" skip="0">test1</stat>
<stat pass="0" fail="1" skip="0">test2</stat>
</tag>
<suite>
<stat pass="0" fail="2" skip="0" id="s1" name="Front Office">Front Office</stat>
</suite>
</statistics>
<errors>
<msg timestamp="20240115 20:45:34.839" level="ERROR">Error in file '/Users/danychristeh/Documents/Development/Scripting Challenge/tests/Front_Office.robot' on line 3: Resource file '../Resources/FrontOfficeApp.robot' does not exist.</msg>
<msg timestamp="20240115 20:45:34.840" level="ERROR">Error in file '/Users/danychristeh/Documents/Development/Scripting Challenge/tests/Front_Office.robot' on line 4: Resource file '../Resources/CommonWeb.robot' does not exist.</msg>
</errors>
</robot>
