<?xml version="1.0" encoding="UTF-8"?>
<robot generator="Robot 6.1.1 (Python 3.12.1 on darwin)" generated="20231223 23:21:30.996" rpa="false" schemaversion="4">
<suite id="s1" name="Amazon" source="/Users/danychristeh/Documents/Development/Robot-Script/Script-Into-Keywords/tests/amazon.robot">
<test id="s1-t1" name="User can search for products" line="15">
<kw name="Begin Web Testing" library="Common" type="SETUP">
<kw name="Open Browser" library="SeleniumLibrary">
<arg>about:blank</arg>
<arg>chrome</arg>
<doc>Opens a new browser instance to the optional ``url``.</doc>
<msg timestamp="20231223 23:21:31.539" level="INFO">Opening browser 'chrome' to base url 'about:blank'.</msg>
<status status="PASS" starttime="20231223 23:21:31.538" endtime="20231223 23:21:34.514"/>
</kw>
<status status="PASS" starttime="20231223 23:21:31.538" endtime="20231223 23:21:34.514"/>
</kw>
<kw name="Search for Products" library="amazon">
<kw name="Go To" library="SeleniumLibrary">
<arg>https://www.amazon.com</arg>
<doc>Navigates the current browser window to the provided ``url``.</doc>
<msg timestamp="20231223 23:21:34.518" level="INFO">Opening url 'https://www.amazon.com'</msg>
<status status="PASS" starttime="20231223 23:21:34.517" endtime="20231223 23:21:39.121"/>
</kw>
<kw name="Wait Until Page Contains" library="SeleniumLibrary">
<arg>Your Amazon.com</arg>
<doc>Waits until ``text`` appears on the current page.</doc>
<msg timestamp="20231223 23:21:45.067" level="INFO" html="true">&lt;/td&gt;&lt;/tr&gt;&lt;tr&gt;&lt;td colspan="3"&gt;&lt;a href="selenium-screenshot-3.png"&gt;&lt;img src="selenium-screenshot-3.png" width="800px"&gt;&lt;/a&gt;</msg>
<msg timestamp="20231223 23:21:45.068" level="FAIL">Text 'Your Amazon.com' did not appear in 5 seconds.</msg>
<status status="FAIL" starttime="20231223 23:21:39.122" endtime="20231223 23:21:45.085"/>
</kw>
<kw name="Input Text" library="SeleniumLibrary">
<arg>id=twotabsearchtextbox</arg>
<arg>Toys for babies 12-18 months</arg>
<doc>Types the given ``text`` into the text field identified by ``locator``.</doc>
<status status="NOT RUN" starttime="20231223 23:21:45.085" endtime="20231223 23:21:45.085"/>
</kw>
<kw name="Click Button" library="SeleniumLibrary">
<arg>xpath=//*[@id="nav-search"]/form/div[2]/div/input</arg>
<doc>Clicks the button identified by ``locator``.</doc>
<status status="NOT RUN" starttime="20231223 23:21:45.085" endtime="20231223 23:21:45.085"/>
</kw>
<kw name="Wait Until Page Contains" library="SeleniumLibrary">
<arg>results for "Toys for babies 12-18 months"</arg>
<doc>Waits until ``text`` appears on the current page.</doc>
<status status="NOT RUN" starttime="20231223 23:21:45.085" endtime="20231223 23:21:45.085"/>
</kw>
<status status="FAIL" starttime="20231223 23:21:34.516" endtime="20231223 23:21:45.085"/>
</kw>
<kw name="End Web Testing" library="Common" type="TEARDOWN">
<kw name="Close Browser" library="SeleniumLibrary">
<doc>Closes the current browser.</doc>
<status status="PASS" starttime="20231223 23:21:45.086" endtime="20231223 23:21:45.518"/>
</kw>
<status status="PASS" starttime="20231223 23:21:45.086" endtime="20231223 23:21:45.519"/>
</kw>
<doc>This is some basic info about the test</doc>
<tag>Smoke</tag>
<status status="FAIL" starttime="20231223 23:21:31.537" endtime="20231223 23:21:45.519">Text 'Your Amazon.com' did not appear in 5 seconds.</status>
</test>
<test id="s1-t2" name="User must sign in to check out" line="20">
<kw name="Begin Web Testing" library="Common" type="SETUP">
<kw name="Open Browser" library="SeleniumLibrary">
<arg>about:blank</arg>
<arg>chrome</arg>
<doc>Opens a new browser instance to the optional ``url``.</doc>
<msg timestamp="20231223 23:21:45.523" level="INFO">Opening browser 'chrome' to base url 'about:blank'.</msg>
<status status="PASS" starttime="20231223 23:21:45.522" endtime="20231223 23:21:47.981"/>
</kw>
<status status="PASS" starttime="20231223 23:21:45.521" endtime="20231223 23:21:47.981"/>
</kw>
<kw name="Search for Products" library="amazon">
<kw name="Go To" library="SeleniumLibrary">
<arg>https://www.amazon.com</arg>
<doc>Navigates the current browser window to the provided ``url``.</doc>
<msg timestamp="20231223 23:21:47.984" level="INFO">Opening url 'https://www.amazon.com'</msg>
<status status="PASS" starttime="20231223 23:21:47.983" endtime="20231223 23:21:50.896"/>
</kw>
<kw name="Wait Until Page Contains" library="SeleniumLibrary">
<arg>Your Amazon.com</arg>
<doc>Waits until ``text`` appears on the current page.</doc>
<msg timestamp="20231223 23:21:56.653" level="INFO" html="true">&lt;/td&gt;&lt;/tr&gt;&lt;tr&gt;&lt;td colspan="3"&gt;&lt;a href="selenium-screenshot-4.png"&gt;&lt;img src="selenium-screenshot-4.png" width="800px"&gt;&lt;/a&gt;</msg>
<msg timestamp="20231223 23:21:56.653" level="FAIL">Text 'Your Amazon.com' did not appear in 5 seconds.</msg>
<status status="FAIL" starttime="20231223 23:21:50.896" endtime="20231223 23:21:56.654"/>
</kw>
<kw name="Input Text" library="SeleniumLibrary">
<arg>id=twotabsearchtextbox</arg>
<arg>Toys for babies 12-18 months</arg>
<doc>Types the given ``text`` into the text field identified by ``locator``.</doc>
<status status="NOT RUN" starttime="20231223 23:21:56.654" endtime="20231223 23:21:56.654"/>
</kw>
<kw name="Click Button" library="SeleniumLibrary">
<arg>xpath=//*[@id="nav-search"]/form/div[2]/div/input</arg>
<doc>Clicks the button identified by ``locator``.</doc>
<status status="NOT RUN" starttime="20231223 23:21:56.654" endtime="20231223 23:21:56.654"/>
</kw>
<kw name="Wait Until Page Contains" library="SeleniumLibrary">
<arg>results for "Toys for babies 12-18 months"</arg>
<doc>Waits until ``text`` appears on the current page.</doc>
<status status="NOT RUN" starttime="20231223 23:21:56.654" endtime="20231223 23:21:56.654"/>
</kw>
<status status="FAIL" starttime="20231223 23:21:47.982" endtime="20231223 23:21:56.654"/>
</kw>
<kw name="Select Product from Search Results" library="amazon">
<status status="NOT RUN" starttime="20231223 23:21:56.655" endtime="20231223 23:21:56.655"/>
</kw>
<kw name="Add Product to cart" library="amazon">
<status status="NOT RUN" starttime="20231223 23:21:56.655" endtime="20231223 23:21:56.655"/>
</kw>
<kw name="Begin Checkout" library="amazon">
<status status="NOT RUN" starttime="20231223 23:21:56.655" endtime="20231223 23:21:56.655"/>
</kw>
<kw name="End Web Testing" library="Common" type="TEARDOWN">
<kw name="Close Browser" library="SeleniumLibrary">
<doc>Closes the current browser.</doc>
<status status="PASS" starttime="20231223 23:21:56.656" endtime="20231223 23:21:56.996"/>
</kw>
<status status="PASS" starttime="20231223 23:21:56.655" endtime="20231223 23:21:56.996"/>
</kw>
<doc>This is some basic info about the test</doc>
<tag>Smoke</tag>
<status status="FAIL" starttime="20231223 23:21:45.520" endtime="20231223 23:21:56.997">Text 'Your Amazon.com' did not appear in 5 seconds.</status>
</test>
<doc>This is some information about the whole suite</doc>
<status status="FAIL" starttime="20231223 23:21:30.997" endtime="20231223 23:21:56.998"/>
</suite>
<statistics>
<total>
<stat pass="0" fail="2" skip="0">All Tests</stat>
</total>
<tag>
<stat pass="0" fail="2" skip="0">Smoke</stat>
</tag>
<suite>
<stat pass="0" fail="2" skip="0" id="s1" name="Amazon">Amazon</stat>
</suite>
</statistics>
<errors>
</errors>
</robot>
