<?xml version="1.0" encoding="UTF-8"?>
<robot generator="Robot 6.1.1 (Python 3.12.1 on darwin)" generated="20231209 04:42:22.230" rpa="false" schemaversion="4">
<suite id="s1" name="CRM" source="/Users/danychristeh/Documents/Development/Robot-Script/CRM/tests/CRM.robot">
<test id="s1-t1" name="Should be able to add new customer" line="11">
<kw name="Log" library="BuiltIn">
<arg>Starting the test case!</arg>
<doc>Logs the given message with the given level.</doc>
<msg timestamp="20231209 04:42:22.690" level="INFO">Starting the test case!</msg>
<status status="PASS" starttime="20231209 04:42:22.689" endtime="20231209 04:42:22.690"/>
</kw>
<kw name="Open Browser" library="SeleniumLibrary">
<arg>https://automationplayground.com/crm/</arg>
<arg>Firefox</arg>
<doc>Opens a new browser instance to the optional ``url``.</doc>
<msg timestamp="20231209 04:42:22.690" level="INFO">Opening browser 'Firefox' to base url 'https://automationplayground.com/crm/'.</msg>
<status status="PASS" starttime="20231209 04:42:22.690" endtime="20231209 04:42:27.988"/>
</kw>
<kw name="Page Should Contain" library="SeleniumLibrary">
<arg>Customers Are Priority One</arg>
<doc>Verifies that current page contains ``text``.</doc>
<msg timestamp="20231209 04:42:28.055" level="INFO">Current page contains text 'Customers Are Priority One'.</msg>
<status status="PASS" starttime="20231209 04:42:27.988" endtime="20231209 04:42:28.055"/>
</kw>
<kw name="Click Link" library="SeleniumLibrary">
<arg>id=SignIn</arg>
<doc>Clicks a link identified by ``locator``.</doc>
<msg timestamp="20231209 04:42:28.056" level="INFO">Clicking link 'id=SignIn'.</msg>
<status status="PASS" starttime="20231209 04:42:28.055" endtime="20231209 04:42:28.339"/>
</kw>
<kw name="Page Should Contain" library="SeleniumLibrary">
<arg>Login</arg>
<doc>Verifies that current page contains ``text``.</doc>
<msg timestamp="20231209 04:42:28.411" level="INFO">Current page contains text 'Login'.</msg>
<status status="PASS" starttime="20231209 04:42:28.340" endtime="20231209 04:42:28.411"/>
</kw>
<kw name="Input Text" library="SeleniumLibrary">
<arg>id=email-id</arg>
<arg>kalyah012345@framework.com</arg>
<doc>Types the given ``text`` into the text field identified by ``locator``.</doc>
<msg timestamp="20231209 04:42:28.412" level="INFO">Typing text 'kalyah012345@framework.com' into text field 'id=email-id'.</msg>
<status status="PASS" starttime="20231209 04:42:28.411" endtime="20231209 04:42:28.493"/>
</kw>
<kw name="Input Text" library="SeleniumLibrary">
<arg>id=password</arg>
<arg>dany</arg>
<doc>Types the given ``text`` into the text field identified by ``locator``.</doc>
<msg timestamp="20231209 04:42:28.493" level="INFO">Typing text 'dany' into text field 'id=password'.</msg>
<status status="PASS" starttime="20231209 04:42:28.493" endtime="20231209 04:42:28.552"/>
</kw>
<kw name="Click Button" library="SeleniumLibrary">
<arg>id= submit-id</arg>
<doc>Clicks the button identified by ``locator``.</doc>
<msg timestamp="20231209 04:42:28.553" level="INFO">Clicking button 'id= submit-id'.</msg>
<status status="PASS" starttime="20231209 04:42:28.552" endtime="20231209 04:42:28.999"/>
</kw>
<kw name="Page Should Contain" library="SeleniumLibrary">
<arg>Our Happy Customers</arg>
<doc>Verifies that current page contains ``text``.</doc>
<msg timestamp="20231209 04:42:29.077" level="INFO">Current page contains text 'Our Happy Customers'.</msg>
<status status="PASS" starttime="20231209 04:42:28.999" endtime="20231209 04:42:29.078"/>
</kw>
<kw name="Click Link" library="SeleniumLibrary">
<arg>id=new-customer</arg>
<doc>Clicks a link identified by ``locator``.</doc>
<msg timestamp="20231209 04:42:29.079" level="INFO">Clicking link 'id=new-customer'.</msg>
<status status="PASS" starttime="20231209 04:42:29.078" endtime="20231209 04:42:29.480"/>
</kw>
<kw name="Page Should Contain" library="SeleniumLibrary">
<arg>Add Customer</arg>
<doc>Verifies that current page contains ``text``.</doc>
<msg timestamp="20231209 04:42:29.530" level="INFO">Current page contains text 'Add Customer'.</msg>
<status status="PASS" starttime="20231209 04:42:29.481" endtime="20231209 04:42:29.530"/>
</kw>
<kw name="Input Text" library="SeleniumLibrary">
<arg>id=EmailAddress</arg>
<arg>jeanedoe@gmail.com</arg>
<doc>Types the given ``text`` into the text field identified by ``locator``.</doc>
<msg timestamp="20231209 04:42:29.531" level="INFO">Typing text 'jeanedoe@gmail.com' into text field 'id=EmailAddress'.</msg>
<status status="PASS" starttime="20231209 04:42:29.530" endtime="20231209 04:42:29.631"/>
</kw>
<kw name="Input Text" library="SeleniumLibrary">
<arg>id=FirstName</arg>
<arg>jeane</arg>
<doc>Types the given ``text`` into the text field identified by ``locator``.</doc>
<msg timestamp="20231209 04:42:29.632" level="INFO">Typing text 'jeane' into text field 'id=FirstName'.</msg>
<status status="PASS" starttime="20231209 04:42:29.631" endtime="20231209 04:42:29.660"/>
</kw>
<kw name="Input Text" library="SeleniumLibrary">
<arg>id=LastName</arg>
<arg>doe</arg>
<doc>Types the given ``text`` into the text field identified by ``locator``.</doc>
<msg timestamp="20231209 04:42:29.661" level="INFO">Typing text 'doe' into text field 'id=LastName'.</msg>
<status status="PASS" starttime="20231209 04:42:29.660" endtime="20231209 04:42:29.690"/>
</kw>
<kw name="Input Text" library="SeleniumLibrary">
<arg>id=City</arg>
<arg>San Francisco</arg>
<doc>Types the given ``text`` into the text field identified by ``locator``.</doc>
<msg timestamp="20231209 04:42:29.691" level="INFO">Typing text 'San Francisco' into text field 'id=City'.</msg>
<status status="PASS" starttime="20231209 04:42:29.690" endtime="20231209 04:42:29.729"/>
</kw>
<kw name="Select From List By Value" library="SeleniumLibrary">
<arg>id=StateOrRegion</arg>
<arg>CA</arg>
<doc>Selects options from selection list ``locator`` by ``values``.</doc>
<msg timestamp="20231209 04:42:29.730" level="INFO">Selecting options from selection list 'id=StateOrRegion' by value CA.</msg>
<status status="PASS" starttime="20231209 04:42:29.729" endtime="20231209 04:42:30.015"/>
</kw>
<kw name="Select Radio Button" library="SeleniumLibrary">
<arg>gender</arg>
<arg>female</arg>
<doc>Sets the radio button group ``group_name`` to ``value``.</doc>
<msg timestamp="20231209 04:42:30.016" level="INFO">Selecting 'female' from radio button 'gender'.</msg>
<status status="PASS" starttime="20231209 04:42:30.015" endtime="20231209 04:42:30.232"/>
</kw>
<kw name="Select Checkbox" library="SeleniumLibrary">
<arg>name=promos-name</arg>
<doc>Selects the checkbox identified by ``locator``.</doc>
<msg timestamp="20231209 04:42:30.233" level="INFO">Selecting checkbox 'name=promos-name'.</msg>
<status status="PASS" starttime="20231209 04:42:30.232" endtime="20231209 04:42:30.483"/>
</kw>
<kw name="Click Button" library="SeleniumLibrary">
<arg>Submit</arg>
<doc>Clicks the button identified by ``locator``.</doc>
<msg timestamp="20231209 04:42:30.484" level="INFO">Clicking button 'Submit'.</msg>
<status status="PASS" starttime="20231209 04:42:30.483" endtime="20231209 04:42:30.708"/>
</kw>
<kw name="Wait Until Page Contains" library="SeleniumLibrary">
<arg>Success! New customer added</arg>
<doc>Waits until ``text`` appears on the current page.</doc>
<status status="PASS" starttime="20231209 04:42:30.708" endtime="20231209 04:42:30.748"/>
</kw>
<kw name="Sleep" library="BuiltIn">
<arg>5s</arg>
<doc>Pauses the test executed for the given time.</doc>
<msg timestamp="20231209 04:42:35.750" level="INFO">Slept 5 seconds</msg>
<status status="PASS" starttime="20231209 04:42:30.749" endtime="20231209 04:42:35.750"/>
</kw>
<kw name="Close Browser" library="SeleniumLibrary">
<doc>Closes the current browser.</doc>
<status status="PASS" starttime="20231209 04:42:35.750" endtime="20231209 04:42:36.900"/>
</kw>
<doc>This is some basic info about the test</doc>
<tag>1006</tag>
<tag>Contacts</tag>
<tag>Smoke</tag>
<status status="PASS" starttime="20231209 04:42:22.688" endtime="20231209 04:42:36.901"/>
</test>
<doc>This is smoe basic info about the whole suite.</doc>
<status status="PASS" starttime="20231209 04:42:22.232" endtime="20231209 04:42:36.903"/>
</suite>
<statistics>
<total>
<stat pass="1" fail="0" skip="0">All Tests</stat>
</total>
<tag>
<stat pass="1" fail="0" skip="0">1006</stat>
<stat pass="1" fail="0" skip="0">Contacts</stat>
<stat pass="1" fail="0" skip="0">Smoke</stat>
</tag>
<suite>
<stat pass="1" fail="0" skip="0" id="s1" name="CRM">CRM</stat>
</suite>
</statistics>
<errors>
</errors>
</robot>
